<?xml version="1.0" encoding="UTF-8"?>
<!-- Generated by org.testng.reporters.JUnitReportReporter -->
<testsuite hostname="DESKTOP-TRSSFAT" failures="0" tests="1" name="com.cucumber.framework.runner.selectAnalysisFeatureRunner" time="12.678" errors="0" timestamp="2022-07-30T18:20:13 BST" skipped="0">
  <testcase classname="com.cucumber.framework.runner.selectAnalysisFeatureRunner" name="runScenario" time="12.678"/>
  <system-out/>
</testsuite> <!-- com.cucumber.framework.runner.selectAnalysisFeatureRunner -->
